{"/Users/edgarkoenig/workspace/mcp-chat/backend/src/auth.js": {"path":"/Users/edgarkoenig/workspace/mcp-chat/backend/src/auth.js","statementMap":{"0":{"start":{"line":5,"column":19},"end":{"line":5,"column":78}},"1":{"start":{"line":6,"column":23},"end":{"line":6,"column":58}},"2":{"start":{"line":10,"column":21},"end":{"line":10,"column":23}},"3":{"start":{"line":11,"column":2},"end":{"line":11,"column":49}},"4":{"start":{"line":16,"column":2},"end":{"line":16,"column":46}},"5":{"start":{"line":21,"column":18},"end":{"line":26,"column":3}},"6":{"start":{"line":27,"column":2},"end":{"line":27,"column":70}},"7":{"start":{"line":32,"column":2},"end":{"line":36,"column":3}},"8":{"start":{"line":33,"column":4},"end":{"line":33,"column":41}},"9":{"start":{"line":35,"column":4},"end":{"line":35,"column":37}},"10":{"start":{"line":41,"column":21},"end":{"line":41,"column":49}},"11":{"start":{"line":42,"column":16},"end":{"line":42,"column":54}},"12":{"start":{"line":44,"column":2},"end":{"line":46,"column":3}},"13":{"start":{"line":45,"column":4},"end":{"line":45,"column":68}},"14":{"start":{"line":48,"column":2},"end":{"line":54,"column":3}},"15":{"start":{"line":49,"column":20},"end":{"line":49,"column":38}},"16":{"start":{"line":50,"column":4},"end":{"line":50,"column":23}},"17":{"start":{"line":51,"column":4},"end":{"line":51,"column":11}},"18":{"start":{"line":53,"column":4},"end":{"line":53,"column":71}},"19":{"start":{"line":59,"column":2},"end":{"line":69,"column":5}},"20":{"start":{"line":60,"column":22},"end":{"line":60,"column":64}},"21":{"start":{"line":61,"column":4},"end":{"line":68,"column":6}},"22":{"start":{"line":65,"column":8},"end":{"line":66,"column":34}},"23":{"start":{"line":65,"column":17},"end":{"line":65,"column":29}},"24":{"start":{"line":66,"column":13},"end":{"line":66,"column":34}},"25":{"start":{"line":74,"column":2},"end":{"line":79,"column":5}},"26":{"start":{"line":75,"column":4},"end":{"line":78,"column":7}},"27":{"start":{"line":76,"column":6},"end":{"line":77,"column":33}},"28":{"start":{"line":76,"column":15},"end":{"line":76,"column":27}},"29":{"start":{"line":77,"column":11},"end":{"line":77,"column":33}},"30":{"start":{"line":84,"column":2},"end":{"line":90,"column":5}},"31":{"start":{"line":85,"column":4},"end":{"line":89,"column":5}},"32":{"start":{"line":86,"column":6},"end":{"line":86,"column":81}},"33":{"start":{"line":87,"column":11},"end":{"line":89,"column":5}},"34":{"start":{"line":88,"column":6},"end":{"line":88,"column":74}},"35":{"start":{"line":94,"column":0},"end":{"line":94,"column":54}},"36":{"start":{"line":98,"column":17},"end":{"line":98,"column":19}},"37":{"start":{"line":100,"column":2},"end":{"line":102,"column":3}},"38":{"start":{"line":101,"column":4},"end":{"line":101,"column":68}},"39":{"start":{"line":104,"column":2},"end":{"line":106,"column":3}},"40":{"start":{"line":105,"column":4},"end":{"line":105,"column":64}},"41":{"start":{"line":108,"column":2},"end":{"line":110,"column":3}},"42":{"start":{"line":109,"column":4},"end":{"line":109,"column":101}},"43":{"start":{"line":112,"column":2},"end":{"line":112,"column":16}},"44":{"start":{"line":117,"column":24},"end":{"line":121,"column":3}},"45":{"start":{"line":123,"column":20},"end":{"line":123,"column":49}},"46":{"start":{"line":124,"column":24},"end":{"line":124,"column":56}},"47":{"start":{"line":126,"column":2},"end":{"line":126,"column":36}},"48":{"start":{"line":130,"column":21},"end":{"line":130,"column":30}},"49":{"start":{"line":133,"column":14},"end":{"line":133,"column":24}},"50":{"start":{"line":134,"column":19},"end":{"line":134,"column":53}},"51":{"start":{"line":137,"column":24},"end":{"line":137,"column":70}},"52":{"start":{"line":137,"column":48},"end":{"line":137,"column":69}},"53":{"start":{"line":139,"column":2},"end":{"line":141,"column":3}},"54":{"start":{"line":140,"column":4},"end":{"line":140,"column":17}},"55":{"start":{"line":143,"column":2},"end":{"line":143,"column":26}},"56":{"start":{"line":144,"column":2},"end":{"line":144,"column":46}},"57":{"start":{"line":145,"column":2},"end":{"line":145,"column":14}},"58":{"start":{"line":149,"column":2},"end":{"line":149,"column":34}}},"fnMap":{"0":{"name":"hashPassword","decl":{"start":{"line":9,"column":15},"end":{"line":9,"column":27}},"loc":{"start":{"line":9,"column":38},"end":{"line":12,"column":1}},"line":9},"1":{"name":"comparePassword","decl":{"start":{"line":15,"column":15},"end":{"line":15,"column":30}},"loc":{"start":{"line":15,"column":47},"end":{"line":17,"column":1}},"line":15},"2":{"name":"generateToken","decl":{"start":{"line":20,"column":9},"end":{"line":20,"column":22}},"loc":{"start":{"line":20,"column":29},"end":{"line":28,"column":1}},"line":20},"3":{"name":"verifyToken","decl":{"start":{"line":31,"column":9},"end":{"line":31,"column":20}},"loc":{"start":{"line":31,"column":28},"end":{"line":37,"column":1}},"line":31},"4":{"name":"authenticateToken","decl":{"start":{"line":40,"column":9},"end":{"line":40,"column":26}},"loc":{"start":{"line":40,"column":43},"end":{"line":55,"column":1}},"line":40},"5":{"name":"saveSession","decl":{"start":{"line":58,"column":9},"end":{"line":58,"column":20}},"loc":{"start":{"line":58,"column":36},"end":{"line":70,"column":1}},"line":58},"6":{"name":"(anonymous_6)","decl":{"start":{"line":59,"column":21},"end":{"line":59,"column":22}},"loc":{"start":{"line":59,"column":42},"end":{"line":69,"column":3}},"line":59},"7":{"name":"(anonymous_7)","decl":{"start":{"line":64,"column":6},"end":{"line":64,"column":7}},"loc":{"start":{"line":64,"column":20},"end":{"line":67,"column":7}},"line":64},"8":{"name":"removeSession","decl":{"start":{"line":73,"column":9},"end":{"line":73,"column":22}},"loc":{"start":{"line":73,"column":30},"end":{"line":80,"column":1}},"line":73},"9":{"name":"(anonymous_9)","decl":{"start":{"line":74,"column":21},"end":{"line":74,"column":22}},"loc":{"start":{"line":74,"column":42},"end":{"line":79,"column":3}},"line":74},"10":{"name":"(anonymous_10)","decl":{"start":{"line":75,"column":60},"end":{"line":75,"column":61}},"loc":{"start":{"line":75,"column":74},"end":{"line":78,"column":5}},"line":75},"11":{"name":"cleanExpiredSessions","decl":{"start":{"line":83,"column":9},"end":{"line":83,"column":29}},"loc":{"start":{"line":83,"column":32},"end":{"line":91,"column":1}},"line":83},"12":{"name":"(anonymous_12)","decl":{"start":{"line":84,"column":68},"end":{"line":84,"column":69}},"loc":{"start":{"line":84,"column":82},"end":{"line":90,"column":3}},"line":84},"13":{"name":"validateUser","decl":{"start":{"line":97,"column":9},"end":{"line":97,"column":21}},"loc":{"start":{"line":97,"column":32},"end":{"line":113,"column":1}},"line":97},"14":{"name":"hasPermission","decl":{"start":{"line":116,"column":9},"end":{"line":116,"column":22}},"loc":{"start":{"line":116,"column":43},"end":{"line":127,"column":1}},"line":116},"15":{"name":"checkRateLimit","decl":{"start":{"line":132,"column":9},"end":{"line":132,"column":23}},"loc":{"start":{"line":132,"column":80},"end":{"line":146,"column":1}},"line":132},"16":{"name":"(anonymous_16)","decl":{"start":{"line":137,"column":40},"end":{"line":137,"column":41}},"loc":{"start":{"line":137,"column":48},"end":{"line":137,"column":69}},"line":137},"17":{"name":"clearRateLimit","decl":{"start":{"line":148,"column":9},"end":{"line":148,"column":23}},"loc":{"start":{"line":148,"column":36},"end":{"line":150,"column":1}},"line":148}},"branchMap":{"0":{"loc":{"start":{"line":5,"column":19},"end":{"line":5,"column":78}},"type":"binary-expr","locations":[{"start":{"line":5,"column":19},"end":{"line":5,"column":41}},{"start":{"line":5,"column":45},"end":{"line":5,"column":78}}],"line":5},"1":{"loc":{"start":{"line":6,"column":23},"end":{"line":6,"column":58}},"type":"binary-expr","locations":[{"start":{"line":6,"column":23},"end":{"line":6,"column":49}},{"start":{"line":6,"column":53},"end":{"line":6,"column":58}}],"line":6},"2":{"loc":{"start":{"line":42,"column":16},"end":{"line":42,"column":54}},"type":"binary-expr","locations":[{"start":{"line":42,"column":16},"end":{"line":42,"column":26}},{"start":{"line":42,"column":30},"end":{"line":42,"column":54}}],"line":42},"3":{"loc":{"start":{"line":44,"column":2},"end":{"line":46,"column":3}},"type":"if","locations":[{"start":{"line":44,"column":2},"end":{"line":46,"column":3}},{"start":{},"end":{}}],"line":44},"4":{"loc":{"start":{"line":65,"column":8},"end":{"line":66,"column":34}},"type":"if","locations":[{"start":{"line":65,"column":8},"end":{"line":66,"column":34}},{"start":{"line":66,"column":13},"end":{"line":66,"column":34}}],"line":65},"5":{"loc":{"start":{"line":76,"column":6},"end":{"line":77,"column":33}},"type":"if","locations":[{"start":{"line":76,"column":6},"end":{"line":77,"column":33}},{"start":{"line":77,"column":11},"end":{"line":77,"column":33}}],"line":76},"6":{"loc":{"start":{"line":85,"column":4},"end":{"line":89,"column":5}},"type":"if","locations":[{"start":{"line":85,"column":4},"end":{"line":89,"column":5}},{"start":{"line":87,"column":11},"end":{"line":89,"column":5}}],"line":85},"7":{"loc":{"start":{"line":87,"column":11},"end":{"line":89,"column":5}},"type":"if","locations":[{"start":{"line":87,"column":11},"end":{"line":89,"column":5}},{"start":{},"end":{}}],"line":87},"8":{"loc":{"start":{"line":100,"column":2},"end":{"line":102,"column":3}},"type":"if","locations":[{"start":{"line":100,"column":2},"end":{"line":102,"column":3}},{"start":{},"end":{}}],"line":100},"9":{"loc":{"start":{"line":100,"column":6},"end":{"line":100,"column":56}},"type":"binary-expr","locations":[{"start":{"line":100,"column":6},"end":{"line":100,"column":24}},{"start":{"line":100,"column":28},"end":{"line":100,"column":56}}],"line":100},"10":{"loc":{"start":{"line":104,"column":2},"end":{"line":106,"column":3}},"type":"if","locations":[{"start":{"line":104,"column":2},"end":{"line":106,"column":3}},{"start":{},"end":{}}],"line":104},"11":{"loc":{"start":{"line":104,"column":6},"end":{"line":104,"column":56}},"type":"binary-expr","locations":[{"start":{"line":104,"column":6},"end":{"line":104,"column":24}},{"start":{"line":104,"column":28},"end":{"line":104,"column":56}}],"line":104},"12":{"loc":{"start":{"line":108,"column":2},"end":{"line":110,"column":3}},"type":"if","locations":[{"start":{"line":108,"column":2},"end":{"line":110,"column":3}},{"start":{},"end":{}}],"line":108},"13":{"loc":{"start":{"line":108,"column":6},"end":{"line":108,"column":70}},"type":"binary-expr","locations":[{"start":{"line":108,"column":6},"end":{"line":108,"column":23}},{"start":{"line":108,"column":27},"end":{"line":108,"column":70}}],"line":108},"14":{"loc":{"start":{"line":123,"column":20},"end":{"line":123,"column":49}},"type":"binary-expr","locations":[{"start":{"line":123,"column":20},"end":{"line":123,"column":44}},{"start":{"line":123,"column":48},"end":{"line":123,"column":49}}],"line":123},"15":{"loc":{"start":{"line":124,"column":24},"end":{"line":124,"column":56}},"type":"binary-expr","locations":[{"start":{"line":124,"column":24},"end":{"line":124,"column":51}},{"start":{"line":124,"column":55},"end":{"line":124,"column":56}}],"line":124},"16":{"loc":{"start":{"line":132,"column":36},"end":{"line":132,"column":51}},"type":"default-arg","locations":[{"start":{"line":132,"column":50},"end":{"line":132,"column":51}}],"line":132},"17":{"loc":{"start":{"line":132,"column":53},"end":{"line":132,"column":78}},"type":"default-arg","locations":[{"start":{"line":132,"column":64},"end":{"line":132,"column":78}}],"line":132},"18":{"loc":{"start":{"line":134,"column":19},"end":{"line":134,"column":53}},"type":"binary-expr","locations":[{"start":{"line":134,"column":19},"end":{"line":134,"column":47}},{"start":{"line":134,"column":51},"end":{"line":134,"column":53}}],"line":134},"19":{"loc":{"start":{"line":139,"column":2},"end":{"line":141,"column":3}},"type":"if","locations":[{"start":{"line":139,"column":2},"end":{"line":141,"column":3}},{"start":{},"end":{}}],"line":139}},"s":{"0":0,"1":0,"2":0,"3":0,"4":0,"5":0,"6":0,"7":0,"8":0,"9":0,"10":0,"11":0,"12":0,"13":0,"14":0,"15":0,"16":0,"17":0,"18":0,"19":0,"20":0,"21":0,"22":0,"23":0,"24":0,"25":0,"26":0,"27":0,"28":0,"29":0,"30":0,"31":0,"32":0,"33":0,"34":0,"35":0,"36":0,"37":0,"38":0,"39":0,"40":0,"41":0,"42":0,"43":0,"44":0,"45":0,"46":0,"47":0,"48":0,"49":0,"50":0,"51":0,"52":0,"53":0,"54":0,"55":0,"56":0,"57":0,"58":0},"f":{"0":0,"1":0,"2":0,"3":0,"4":0,"5":0,"6":0,"7":0,"8":0,"9":0,"10":0,"11":0,"12":0,"13":0,"14":0,"15":0,"16":0,"17":0},"b":{"0":[0,0],"1":[0,0],"2":[0,0],"3":[0,0],"4":[0,0],"5":[0,0],"6":[0,0],"7":[0,0],"8":[0,0],"9":[0,0],"10":[0,0],"11":[0,0],"12":[0,0],"13":[0,0],"14":[0,0],"15":[0,0],"16":[0],"17":[0],"18":[0,0],"19":[0,0]}}
,"/Users/edgarkoenig/workspace/mcp-chat/backend/src/chatService.js": {"path":"/Users/edgarkoenig/workspace/mcp-chat/backend/src/chatService.js","statementMap":{"0":{"start":{"line":8,"column":4},"end":{"line":28,"column":7}},"1":{"start":{"line":9,"column":32},"end":{"line":9,"column":85}},"2":{"start":{"line":11,"column":6},"end":{"line":27,"column":8}},"3":{"start":{"line":15,"column":10},"end":{"line":25,"column":11}},"4":{"start":{"line":16,"column":12},"end":{"line":16,"column":81}},"5":{"start":{"line":17,"column":12},"end":{"line":17,"column":24}},"6":{"start":{"line":19,"column":12},"end":{"line":24,"column":15}},"7":{"start":{"line":33,"column":4},"end":{"line":66,"column":7}},"8":{"start":{"line":34,"column":6},"end":{"line":65,"column":8}},"9":{"start":{"line":44,"column":10},"end":{"line":63,"column":11}},"10":{"start":{"line":45,"column":12},"end":{"line":45,"column":79}},"11":{"start":{"line":46,"column":12},"end":{"line":46,"column":24}},"12":{"start":{"line":49,"column":12},"end":{"line":52,"column":14}},"13":{"start":{"line":54,"column":12},"end":{"line":62,"column":15}},"14":{"start":{"line":71,"column":4},"end":{"line":90,"column":7}},"15":{"start":{"line":72,"column":6},"end":{"line":89,"column":8}},"16":{"start":{"line":82,"column":10},"end":{"line":87,"column":11}},"17":{"start":{"line":83,"column":12},"end":{"line":83,"column":81}},"18":{"start":{"line":84,"column":12},"end":{"line":84,"column":24}},"19":{"start":{"line":86,"column":12},"end":{"line":86,"column":26}},"20":{"start":{"line":95,"column":4},"end":{"line":132,"column":7}},"21":{"start":{"line":97,"column":6},"end":{"line":131,"column":8}},"22":{"start":{"line":101,"column":10},"end":{"line":104,"column":11}},"23":{"start":{"line":102,"column":12},"end":{"line":102,"column":24}},"24":{"start":{"line":103,"column":12},"end":{"line":103,"column":19}},"25":{"start":{"line":106,"column":10},"end":{"line":109,"column":11}},"26":{"start":{"line":107,"column":12},"end":{"line":107,"column":85}},"27":{"start":{"line":108,"column":12},"end":{"line":108,"column":19}},"28":{"start":{"line":112,"column":10},"end":{"line":129,"column":12}},"29":{"start":{"line":116,"column":14},"end":{"line":127,"column":15}},"30":{"start":{"line":117,"column":16},"end":{"line":117,"column":82}},"31":{"start":{"line":118,"column":16},"end":{"line":118,"column":28}},"32":{"start":{"line":121,"column":33},"end":{"line":125,"column":19}},"33":{"start":{"line":121,"column":50},"end":{"line":125,"column":17}},"34":{"start":{"line":126,"column":16},"end":{"line":126,"column":34}},"35":{"start":{"line":137,"column":4},"end":{"line":164,"column":7}},"36":{"start":{"line":138,"column":6},"end":{"line":163,"column":9}},"37":{"start":{"line":140,"column":8},"end":{"line":162,"column":10}},"38":{"start":{"line":144,"column":12},"end":{"line":147,"column":13}},"39":{"start":{"line":145,"column":14},"end":{"line":145,"column":87}},"40":{"start":{"line":146,"column":14},"end":{"line":146,"column":21}},"41":{"start":{"line":150,"column":12},"end":{"line":150,"column":87}},"42":{"start":{"line":153,"column":12},"end":{"line":160,"column":15}},"43":{"start":{"line":154,"column":14},"end":{"line":159,"column":15}},"44":{"start":{"line":155,"column":16},"end":{"line":155,"column":83}},"45":{"start":{"line":156,"column":16},"end":{"line":156,"column":28}},"46":{"start":{"line":158,"column":16},"end":{"line":158,"column":51}},"47":{"start":{"line":170,"column":22},"end":{"line":177,"column":5}},"48":{"start":{"line":179,"column":27},"end":{"line":179,"column":82}},"49":{"start":{"line":182,"column":4},"end":{"line":182,"column":83}},"50":{"start":{"line":182,"column":33},"end":{"line":182,"column":81}},"51":{"start":{"line":184,"column":4},"end":{"line":191,"column":6}},"52":{"start":{"line":196,"column":4},"end":{"line":226,"column":7}},"53":{"start":{"line":198,"column":6},"end":{"line":225,"column":9}},"54":{"start":{"line":199,"column":8},"end":{"line":205,"column":9}},"55":{"start":{"line":200,"column":10},"end":{"line":203,"column":13}},"56":{"start":{"line":204,"column":10},"end":{"line":204,"column":17}},"57":{"start":{"line":208,"column":8},"end":{"line":224,"column":39}},"58":{"start":{"line":209,"column":26},"end":{"line":213,"column":11}},"59":{"start":{"line":215,"column":27},"end":{"line":216,"column":93}},"60":{"start":{"line":218,"column":10},"end":{"line":223,"column":13}}},"fnMap":{"0":{"name":"(anonymous_0)","decl":{"start":{"line":7,"column":2},"end":{"line":7,"column":3}},"loc":{"start":{"line":7,"column":65},"end":{"line":29,"column":3}},"line":7},"1":{"name":"(anonymous_1)","decl":{"start":{"line":8,"column":23},"end":{"line":8,"column":24}},"loc":{"start":{"line":8,"column":44},"end":{"line":28,"column":5}},"line":8},"2":{"name":"(anonymous_2)","decl":{"start":{"line":14,"column":8},"end":{"line":14,"column":9}},"loc":{"start":{"line":14,"column":22},"end":{"line":26,"column":9}},"line":14},"3":{"name":"(anonymous_3)","decl":{"start":{"line":32,"column":2},"end":{"line":32,"column":3}},"loc":{"start":{"line":32,"column":84},"end":{"line":67,"column":3}},"line":32},"4":{"name":"(anonymous_4)","decl":{"start":{"line":33,"column":23},"end":{"line":33,"column":24}},"loc":{"start":{"line":33,"column":44},"end":{"line":66,"column":5}},"line":33},"5":{"name":"(anonymous_5)","decl":{"start":{"line":43,"column":8},"end":{"line":43,"column":9}},"loc":{"start":{"line":43,"column":22},"end":{"line":64,"column":9}},"line":43},"6":{"name":"(anonymous_6)","decl":{"start":{"line":70,"column":2},"end":{"line":70,"column":3}},"loc":{"start":{"line":70,"column":37},"end":{"line":91,"column":3}},"line":70},"7":{"name":"(anonymous_7)","decl":{"start":{"line":71,"column":23},"end":{"line":71,"column":24}},"loc":{"start":{"line":71,"column":44},"end":{"line":90,"column":5}},"line":71},"8":{"name":"(anonymous_8)","decl":{"start":{"line":81,"column":8},"end":{"line":81,"column":9}},"loc":{"start":{"line":81,"column":23},"end":{"line":88,"column":9}},"line":81},"9":{"name":"(anonymous_9)","decl":{"start":{"line":94,"column":2},"end":{"line":94,"column":3}},"loc":{"start":{"line":94,"column":56},"end":{"line":133,"column":3}},"line":94},"10":{"name":"(anonymous_10)","decl":{"start":{"line":95,"column":23},"end":{"line":95,"column":24}},"loc":{"start":{"line":95,"column":44},"end":{"line":132,"column":5}},"line":95},"11":{"name":"(anonymous_11)","decl":{"start":{"line":100,"column":8},"end":{"line":100,"column":9}},"loc":{"start":{"line":100,"column":31},"end":{"line":130,"column":9}},"line":100},"12":{"name":"(anonymous_12)","decl":{"start":{"line":115,"column":12},"end":{"line":115,"column":13}},"loc":{"start":{"line":115,"column":27},"end":{"line":128,"column":13}},"line":115},"13":{"name":"(anonymous_13)","decl":{"start":{"line":121,"column":42},"end":{"line":121,"column":43}},"loc":{"start":{"line":121,"column":50},"end":{"line":125,"column":17}},"line":121},"14":{"name":"(anonymous_14)","decl":{"start":{"line":136,"column":2},"end":{"line":136,"column":3}},"loc":{"start":{"line":136,"column":51},"end":{"line":165,"column":3}},"line":136},"15":{"name":"(anonymous_15)","decl":{"start":{"line":137,"column":23},"end":{"line":137,"column":24}},"loc":{"start":{"line":137,"column":44},"end":{"line":164,"column":5}},"line":137},"16":{"name":"(anonymous_16)","decl":{"start":{"line":138,"column":19},"end":{"line":138,"column":20}},"loc":{"start":{"line":138,"column":25},"end":{"line":163,"column":7}},"line":138},"17":{"name":"(anonymous_17)","decl":{"start":{"line":143,"column":10},"end":{"line":143,"column":11}},"loc":{"start":{"line":143,"column":33},"end":{"line":161,"column":11}},"line":143},"18":{"name":"(anonymous_18)","decl":{"start":{"line":153,"column":79},"end":{"line":153,"column":80}},"loc":{"start":{"line":153,"column":93},"end":{"line":160,"column":13}},"line":153},"19":{"name":"(anonymous_19)","decl":{"start":{"line":168,"column":2},"end":{"line":168,"column":3}},"loc":{"start":{"line":168,"column":60},"end":{"line":192,"column":3}},"line":168},"20":{"name":"(anonymous_20)","decl":{"start":{"line":182,"column":22},"end":{"line":182,"column":23}},"loc":{"start":{"line":182,"column":33},"end":{"line":182,"column":81}},"line":182},"21":{"name":"(anonymous_21)","decl":{"start":{"line":195,"column":2},"end":{"line":195,"column":3}},"loc":{"start":{"line":195,"column":40},"end":{"line":227,"column":3}},"line":195},"22":{"name":"(anonymous_22)","decl":{"start":{"line":196,"column":23},"end":{"line":196,"column":24}},"loc":{"start":{"line":196,"column":36},"end":{"line":226,"column":5}},"line":196},"23":{"name":"(anonymous_23)","decl":{"start":{"line":198,"column":75},"end":{"line":198,"column":76}},"loc":{"start":{"line":198,"column":90},"end":{"line":225,"column":7}},"line":198},"24":{"name":"(anonymous_24)","decl":{"start":{"line":208,"column":19},"end":{"line":208,"column":20}},"loc":{"start":{"line":208,"column":25},"end":{"line":224,"column":9}},"line":208}},"branchMap":{"0":{"loc":{"start":{"line":7,"column":42},"end":{"line":7,"column":63}},"type":"default-arg","locations":[{"start":{"line":7,"column":59},"end":{"line":7,"column":63}}],"line":7},"1":{"loc":{"start":{"line":9,"column":32},"end":{"line":9,"column":85}},"type":"binary-expr","locations":[{"start":{"line":9,"column":32},"end":{"line":9,"column":37}},{"start":{"line":9,"column":41},"end":{"line":9,"column":85}}],"line":9},"2":{"loc":{"start":{"line":15,"column":10},"end":{"line":25,"column":11}},"type":"if","locations":[{"start":{"line":15,"column":10},"end":{"line":25,"column":11}},{"start":{"line":18,"column":17},"end":{"line":25,"column":11}}],"line":15},"3":{"loc":{"start":{"line":32,"column":49},"end":{"line":32,"column":65}},"type":"default-arg","locations":[{"start":{"line":32,"column":61},"end":{"line":32,"column":65}}],"line":32},"4":{"loc":{"start":{"line":32,"column":67},"end":{"line":32,"column":82}},"type":"default-arg","locations":[{"start":{"line":32,"column":78},"end":{"line":32,"column":82}}],"line":32},"5":{"loc":{"start":{"line":40,"column":10},"end":{"line":40,"column":54}},"type":"cond-expr","locations":[{"start":{"line":40,"column":22},"end":{"line":40,"column":47}},{"start":{"line":40,"column":50},"end":{"line":40,"column":54}}],"line":40},"6":{"loc":{"start":{"line":41,"column":10},"end":{"line":41,"column":52}},"type":"cond-expr","locations":[{"start":{"line":41,"column":21},"end":{"line":41,"column":45}},{"start":{"line":41,"column":48},"end":{"line":41,"column":52}}],"line":41},"7":{"loc":{"start":{"line":44,"column":10},"end":{"line":63,"column":11}},"type":"if","locations":[{"start":{"line":44,"column":10},"end":{"line":63,"column":11}},{"start":{"line":47,"column":17},"end":{"line":63,"column":11}}],"line":44},"8":{"loc":{"start":{"line":82,"column":10},"end":{"line":87,"column":11}},"type":"if","locations":[{"start":{"line":82,"column":10},"end":{"line":87,"column":11}},{"start":{"line":85,"column":17},"end":{"line":87,"column":11}}],"line":82},"9":{"loc":{"start":{"line":101,"column":10},"end":{"line":104,"column":11}},"type":"if","locations":[{"start":{"line":101,"column":10},"end":{"line":104,"column":11}},{"start":{},"end":{}}],"line":101},"10":{"loc":{"start":{"line":106,"column":10},"end":{"line":109,"column":11}},"type":"if","locations":[{"start":{"line":106,"column":10},"end":{"line":109,"column":11}},{"start":{},"end":{}}],"line":106},"11":{"loc":{"start":{"line":116,"column":14},"end":{"line":127,"column":15}},"type":"if","locations":[{"start":{"line":116,"column":14},"end":{"line":127,"column":15}},{"start":{"line":119,"column":21},"end":{"line":127,"column":15}}],"line":116},"12":{"loc":{"start":{"line":123,"column":30},"end":{"line":123,"column":80}},"type":"cond-expr","locations":[{"start":{"line":123,"column":47},"end":{"line":123,"column":73}},{"start":{"line":123,"column":76},"end":{"line":123,"column":80}}],"line":123},"13":{"loc":{"start":{"line":124,"column":28},"end":{"line":124,"column":74}},"type":"cond-expr","locations":[{"start":{"line":124,"column":43},"end":{"line":124,"column":67}},{"start":{"line":124,"column":70},"end":{"line":124,"column":74}}],"line":124},"14":{"loc":{"start":{"line":144,"column":12},"end":{"line":147,"column":13}},"type":"if","locations":[{"start":{"line":144,"column":12},"end":{"line":147,"column":13}},{"start":{},"end":{}}],"line":144},"15":{"loc":{"start":{"line":144,"column":16},"end":{"line":144,"column":36}},"type":"binary-expr","locations":[{"start":{"line":144,"column":16},"end":{"line":144,"column":19}},{"start":{"line":144,"column":23},"end":{"line":144,"column":36}}],"line":144},"16":{"loc":{"start":{"line":154,"column":14},"end":{"line":159,"column":15}},"type":"if","locations":[{"start":{"line":154,"column":14},"end":{"line":159,"column":15}},{"start":{"line":157,"column":21},"end":{"line":159,"column":15}}],"line":154},"17":{"loc":{"start":{"line":168,"column":37},"end":{"line":168,"column":58}},"type":"default-arg","locations":[{"start":{"line":168,"column":54},"end":{"line":168,"column":58}}],"line":168},"18":{"loc":{"start":{"line":187,"column":15},"end":{"line":187,"column":58}},"type":"cond-expr","locations":[{"start":{"line":187,"column":32},"end":{"line":187,"column":46}},{"start":{"line":187,"column":49},"end":{"line":187,"column":58}}],"line":187},"19":{"loc":{"start":{"line":199,"column":8},"end":{"line":205,"column":9}},"type":"if","locations":[{"start":{"line":199,"column":8},"end":{"line":205,"column":9}},{"start":{},"end":{}}],"line":199},"20":{"loc":{"start":{"line":199,"column":12},"end":{"line":199,"column":24}},"type":"binary-expr","locations":[{"start":{"line":199,"column":12},"end":{"line":199,"column":15}},{"start":{"line":199,"column":19},"end":{"line":199,"column":24}}],"line":199},"21":{"loc":{"start":{"line":210,"column":45},"end":{"line":210,"column":77}},"type":"binary-expr","locations":[{"start":{"line":210,"column":45},"end":{"line":210,"column":61}},{"start":{"line":210,"column":65},"end":{"line":210,"column":77}}],"line":210},"22":{"loc":{"start":{"line":211,"column":35},"end":{"line":211,"column":65}},"type":"binary-expr","locations":[{"start":{"line":211,"column":35},"end":{"line":211,"column":56}},{"start":{"line":211,"column":60},"end":{"line":211,"column":65}}],"line":211},"23":{"loc":{"start":{"line":211,"column":76},"end":{"line":211,"column":106}},"type":"binary-expr","locations":[{"start":{"line":211,"column":76},"end":{"line":211,"column":97}},{"start":{"line":211,"column":101},"end":{"line":211,"column":106}}],"line":211},"24":{"loc":{"start":{"line":212,"column":58},"end":{"line":212,"column":94}},"type":"binary-expr","locations":[{"start":{"line":212,"column":58},"end":{"line":212,"column":75}},{"start":{"line":212,"column":79},"end":{"line":212,"column":94}}],"line":212},"25":{"loc":{"start":{"line":215,"column":27},"end":{"line":216,"column":93}},"type":"cond-expr","locations":[{"start":{"line":215,"column":71},"end":{"line":215,"column":79}},{"start":{"line":216,"column":26},"end":{"line":216,"column":93}}],"line":215},"26":{"loc":{"start":{"line":216,"column":26},"end":{"line":216,"column":93}},"type":"cond-expr","locations":[{"start":{"line":216,"column":72},"end":{"line":216,"column":78}},{"start":{"line":216,"column":81},"end":{"line":216,"column":93}}],"line":216},"27":{"loc":{"start":{"line":220,"column":20},"end":{"line":220,"column":92}},"type":"binary-expr","locations":[{"start":{"line":220,"column":20},"end":{"line":220,"column":37}},{"start":{"line":220,"column":41},"end":{"line":220,"column":92}}],"line":220}},"s":{"0":0,"1":0,"2":0,"3":0,"4":0,"5":0,"6":0,"7":0,"8":0,"9":0,"10":0,"11":0,"12":0,"13":0,"14":0,"15":0,"16":0,"17":0,"18":0,"19":0,"20":0,"21":0,"22":0,"23":0,"24":0,"25":0,"26":0,"27":0,"28":0,"29":0,"30":0,"31":0,"32":0,"33":0,"34":0,"35":0,"36":0,"37":0,"38":0,"39":0,"40":0,"41":0,"42":0,"43":0,"44":0,"45":0,"46":0,"47":0,"48":0,"49":0,"50":0,"51":0,"52":0,"53":0,"54":0,"55":0,"56":0,"57":0,"58":0,"59":0,"60":0},"f":{"0":0,"1":0,"2":0,"3":0,"4":0,"5":0,"6":0,"7":0,"8":0,"9":0,"10":0,"11":0,"12":0,"13":0,"14":0,"15":0,"16":0,"17":0,"18":0,"19":0,"20":0,"21":0,"22":0,"23":0,"24":0},"b":{"0":[0],"1":[0,0],"2":[0,0],"3":[0],"4":[0],"5":[0,0],"6":[0,0],"7":[0,0],"8":[0,0],"9":[0,0],"10":[0,0],"11":[0,0],"12":[0,0],"13":[0,0],"14":[0,0],"15":[0,0],"16":[0,0],"17":[0],"18":[0,0],"19":[0,0],"20":[0,0],"21":[0,0],"22":[0,0],"23":[0,0],"24":[0,0],"25":[0,0],"26":[0,0],"27":[0,0]}}
,"/Users/edgarkoenig/workspace/mcp-chat/backend/src/db.js": {"path":"/Users/edgarkoenig/workspace/mcp-chat/backend/src/db.js","statementMap":{"0":{"start":{"line":6,"column":19},"end":{"line":6,"column":49}},"1":{"start":{"line":7,"column":18},"end":{"line":7,"column":42}},"2":{"start":{"line":9,"column":11},"end":{"line":9,"column":82}},"3":{"start":{"line":11,"column":0},"end":{"line":11,"column":96}},"4":{"start":{"line":15,"column":2},"end":{"line":270,"column":5}},"5":{"start":{"line":16,"column":4},"end":{"line":269,"column":7}},"6":{"start":{"line":17,"column":6},"end":{"line":268,"column":7}},"7":{"start":{"line":19,"column":8},"end":{"line":28,"column":11}},"8":{"start":{"line":26,"column":10},"end":{"line":27,"column":56}},"9":{"start":{"line":26,"column":19},"end":{"line":26,"column":85}},"10":{"start":{"line":27,"column":15},"end":{"line":27,"column":56}},"11":{"start":{"line":31,"column":8},"end":{"line":38,"column":12}},"12":{"start":{"line":41,"column":8},"end":{"line":50,"column":12}},"13":{"start":{"line":53,"column":8},"end":{"line":61,"column":12}},"14":{"start":{"line":64,"column":8},"end":{"line":74,"column":12}},"15":{"start":{"line":77,"column":8},"end":{"line":86,"column":12}},"16":{"start":{"line":89,"column":8},"end":{"line":98,"column":12}},"17":{"start":{"line":101,"column":8},"end":{"line":109,"column":12}},"18":{"start":{"line":112,"column":8},"end":{"line":116,"column":11}},"19":{"start":{"line":113,"column":10},"end":{"line":115,"column":11}},"20":{"start":{"line":114,"column":12},"end":{"line":114,"column":74}},"21":{"start":{"line":118,"column":8},"end":{"line":122,"column":11}},"22":{"start":{"line":119,"column":10},"end":{"line":121,"column":11}},"23":{"start":{"line":120,"column":12},"end":{"line":120,"column":79}},"24":{"start":{"line":124,"column":8},"end":{"line":128,"column":11}},"25":{"start":{"line":125,"column":10},"end":{"line":127,"column":11}},"26":{"start":{"line":126,"column":12},"end":{"line":126,"column":80}},"27":{"start":{"line":130,"column":8},"end":{"line":134,"column":11}},"28":{"start":{"line":131,"column":10},"end":{"line":133,"column":11}},"29":{"start":{"line":132,"column":12},"end":{"line":132,"column":87}},"30":{"start":{"line":136,"column":8},"end":{"line":140,"column":11}},"31":{"start":{"line":137,"column":10},"end":{"line":139,"column":11}},"32":{"start":{"line":138,"column":12},"end":{"line":138,"column":90}},"33":{"start":{"line":142,"column":8},"end":{"line":146,"column":11}},"34":{"start":{"line":143,"column":10},"end":{"line":145,"column":11}},"35":{"start":{"line":144,"column":12},"end":{"line":144,"column":88}},"36":{"start":{"line":148,"column":8},"end":{"line":152,"column":11}},"37":{"start":{"line":149,"column":10},"end":{"line":151,"column":11}},"38":{"start":{"line":150,"column":12},"end":{"line":150,"column":85}},"39":{"start":{"line":154,"column":8},"end":{"line":158,"column":11}},"40":{"start":{"line":155,"column":10},"end":{"line":157,"column":11}},"41":{"start":{"line":156,"column":12},"end":{"line":156,"column":89}},"42":{"start":{"line":160,"column":8},"end":{"line":164,"column":11}},"43":{"start":{"line":161,"column":10},"end":{"line":163,"column":11}},"44":{"start":{"line":162,"column":12},"end":{"line":162,"column":77}},"45":{"start":{"line":166,"column":8},"end":{"line":170,"column":11}},"46":{"start":{"line":167,"column":10},"end":{"line":169,"column":11}},"47":{"start":{"line":168,"column":12},"end":{"line":168,"column":80}},"48":{"start":{"line":173,"column":30},"end":{"line":173,"column":60}},"49":{"start":{"line":175,"column":8},"end":{"line":195,"column":11}},"50":{"start":{"line":176,"column":10},"end":{"line":179,"column":11}},"51":{"start":{"line":177,"column":12},"end":{"line":177,"column":75}},"52":{"start":{"line":178,"column":12},"end":{"line":178,"column":19}},"53":{"start":{"line":181,"column":10},"end":{"line":194,"column":11}},"54":{"start":{"line":182,"column":12},"end":{"line":191,"column":14}},"55":{"start":{"line":185,"column":16},"end":{"line":189,"column":17}},"56":{"start":{"line":186,"column":18},"end":{"line":186,"column":84}},"57":{"start":{"line":188,"column":18},"end":{"line":188,"column":93}},"58":{"start":{"line":193,"column":12},"end":{"line":193,"column":61}},"59":{"start":{"line":198,"column":29},"end":{"line":217,"column":9}},"60":{"start":{"line":219,"column":8},"end":{"line":231,"column":11}},"61":{"start":{"line":220,"column":10},"end":{"line":230,"column":11}},"62":{"start":{"line":221,"column":12},"end":{"line":228,"column":15}},"63":{"start":{"line":222,"column":14},"end":{"line":227,"column":16}},"64":{"start":{"line":225,"column":18},"end":{"line":225,"column":95}},"65":{"start":{"line":225,"column":27},"end":{"line":225,"column":95}},"66":{"start":{"line":229,"column":12},"end":{"line":229,"column":55}},"67":{"start":{"line":234,"column":37},"end":{"line":247,"column":9}},"68":{"start":{"line":249,"column":8},"end":{"line":261,"column":11}},"69":{"start":{"line":250,"column":10},"end":{"line":260,"column":11}},"70":{"start":{"line":251,"column":12},"end":{"line":258,"column":15}},"71":{"start":{"line":252,"column":14},"end":{"line":257,"column":16}},"72":{"start":{"line":255,"column":18},"end":{"line":255,"column":103}},"73":{"start":{"line":255,"column":27},"end":{"line":255,"column":103}},"74":{"start":{"line":259,"column":12},"end":{"line":259,"column":65}},"75":{"start":{"line":263,"column":8},"end":{"line":263,"column":68}},"76":{"start":{"line":264,"column":8},"end":{"line":264,"column":18}},"77":{"start":{"line":266,"column":8},"end":{"line":266,"column":69}},"78":{"start":{"line":267,"column":8},"end":{"line":267,"column":22}},"79":{"start":{"line":274,"column":0},"end":{"line":274,"column":42}}},"fnMap":{"0":{"name":"initializeDatabase","decl":{"start":{"line":14,"column":15},"end":{"line":14,"column":33}},"loc":{"start":{"line":14,"column":36},"end":{"line":271,"column":1}},"line":14},"1":{"name":"(anonymous_1)","decl":{"start":{"line":15,"column":21},"end":{"line":15,"column":22}},"loc":{"start":{"line":15,"column":42},"end":{"line":270,"column":3}},"line":15},"2":{"name":"(anonymous_2)","decl":{"start":{"line":16,"column":17},"end":{"line":16,"column":18}},"loc":{"start":{"line":16,"column":29},"end":{"line":269,"column":5}},"line":16},"3":{"name":"(anonymous_3)","decl":{"start":{"line":25,"column":12},"end":{"line":25,"column":13}},"loc":{"start":{"line":25,"column":21},"end":{"line":28,"column":9}},"line":25},"4":{"name":"(anonymous_4)","decl":{"start":{"line":112,"column":71},"end":{"line":112,"column":72}},"loc":{"start":{"line":112,"column":80},"end":{"line":116,"column":9}},"line":112},"5":{"name":"(anonymous_5)","decl":{"start":{"line":118,"column":75},"end":{"line":118,"column":76}},"loc":{"start":{"line":118,"column":84},"end":{"line":122,"column":9}},"line":118},"6":{"name":"(anonymous_6)","decl":{"start":{"line":124,"column":93},"end":{"line":124,"column":94}},"loc":{"start":{"line":124,"column":102},"end":{"line":128,"column":9}},"line":124},"7":{"name":"(anonymous_7)","decl":{"start":{"line":130,"column":87},"end":{"line":130,"column":88}},"loc":{"start":{"line":130,"column":96},"end":{"line":134,"column":9}},"line":130},"8":{"name":"(anonymous_8)","decl":{"start":{"line":136,"column":73},"end":{"line":136,"column":74}},"loc":{"start":{"line":136,"column":82},"end":{"line":140,"column":9}},"line":136},"9":{"name":"(anonymous_9)","decl":{"start":{"line":142,"column":84},"end":{"line":142,"column":85}},"loc":{"start":{"line":142,"column":93},"end":{"line":146,"column":9}},"line":142},"10":{"name":"(anonymous_10)","decl":{"start":{"line":148,"column":91},"end":{"line":148,"column":92}},"loc":{"start":{"line":148,"column":100},"end":{"line":152,"column":9}},"line":148},"11":{"name":"(anonymous_11)","decl":{"start":{"line":154,"column":102},"end":{"line":154,"column":103}},"loc":{"start":{"line":154,"column":111},"end":{"line":158,"column":9}},"line":154},"12":{"name":"(anonymous_12)","decl":{"start":{"line":160,"column":75},"end":{"line":160,"column":76}},"loc":{"start":{"line":160,"column":84},"end":{"line":164,"column":9}},"line":160},"13":{"name":"(anonymous_13)","decl":{"start":{"line":166,"column":63},"end":{"line":166,"column":64}},"loc":{"start":{"line":166,"column":72},"end":{"line":170,"column":9}},"line":166},"14":{"name":"(anonymous_14)","decl":{"start":{"line":175,"column":69},"end":{"line":175,"column":70}},"loc":{"start":{"line":175,"column":83},"end":{"line":195,"column":9}},"line":175},"15":{"name":"(anonymous_15)","decl":{"start":{"line":184,"column":14},"end":{"line":184,"column":15}},"loc":{"start":{"line":184,"column":28},"end":{"line":190,"column":15}},"line":184},"16":{"name":"(anonymous_16)","decl":{"start":{"line":219,"column":58},"end":{"line":219,"column":59}},"loc":{"start":{"line":219,"column":72},"end":{"line":231,"column":9}},"line":219},"17":{"name":"(anonymous_17)","decl":{"start":{"line":221,"column":33},"end":{"line":221,"column":34}},"loc":{"start":{"line":221,"column":41},"end":{"line":228,"column":13}},"line":221},"18":{"name":"(anonymous_18)","decl":{"start":{"line":224,"column":16},"end":{"line":224,"column":17}},"loc":{"start":{"line":224,"column":25},"end":{"line":226,"column":17}},"line":224},"19":{"name":"(anonymous_19)","decl":{"start":{"line":249,"column":67},"end":{"line":249,"column":68}},"loc":{"start":{"line":249,"column":81},"end":{"line":261,"column":9}},"line":249},"20":{"name":"(anonymous_20)","decl":{"start":{"line":251,"column":41},"end":{"line":251,"column":42}},"loc":{"start":{"line":251,"column":47},"end":{"line":258,"column":13}},"line":251},"21":{"name":"(anonymous_21)","decl":{"start":{"line":254,"column":16},"end":{"line":254,"column":17}},"loc":{"start":{"line":254,"column":25},"end":{"line":256,"column":17}},"line":254}},"branchMap":{"0":{"loc":{"start":{"line":26,"column":10},"end":{"line":27,"column":56}},"type":"if","locations":[{"start":{"line":26,"column":10},"end":{"line":27,"column":56}},{"start":{"line":27,"column":15},"end":{"line":27,"column":56}}],"line":26},"1":{"loc":{"start":{"line":113,"column":10},"end":{"line":115,"column":11}},"type":"if","locations":[{"start":{"line":113,"column":10},"end":{"line":115,"column":11}},{"start":{},"end":{}}],"line":113},"2":{"loc":{"start":{"line":113,"column":14},"end":{"line":113,"column":62}},"type":"binary-expr","locations":[{"start":{"line":113,"column":14},"end":{"line":113,"column":17}},{"start":{"line":113,"column":21},"end":{"line":113,"column":62}}],"line":113},"3":{"loc":{"start":{"line":119,"column":10},"end":{"line":121,"column":11}},"type":"if","locations":[{"start":{"line":119,"column":10},"end":{"line":121,"column":11}},{"start":{},"end":{}}],"line":119},"4":{"loc":{"start":{"line":119,"column":14},"end":{"line":119,"column":62}},"type":"binary-expr","locations":[{"start":{"line":119,"column":14},"end":{"line":119,"column":17}},{"start":{"line":119,"column":21},"end":{"line":119,"column":62}}],"line":119},"5":{"loc":{"start":{"line":125,"column":10},"end":{"line":127,"column":11}},"type":"if","locations":[{"start":{"line":125,"column":10},"end":{"line":127,"column":11}},{"start":{},"end":{}}],"line":125},"6":{"loc":{"start":{"line":125,"column":14},"end":{"line":125,"column":62}},"type":"binary-expr","locations":[{"start":{"line":125,"column":14},"end":{"line":125,"column":17}},{"start":{"line":125,"column":21},"end":{"line":125,"column":62}}],"line":125},"7":{"loc":{"start":{"line":131,"column":10},"end":{"line":133,"column":11}},"type":"if","locations":[{"start":{"line":131,"column":10},"end":{"line":133,"column":11}},{"start":{},"end":{}}],"line":131},"8":{"loc":{"start":{"line":131,"column":14},"end":{"line":131,"column":62}},"type":"binary-expr","locations":[{"start":{"line":131,"column":14},"end":{"line":131,"column":17}},{"start":{"line":131,"column":21},"end":{"line":131,"column":62}}],"line":131},"9":{"loc":{"start":{"line":137,"column":10},"end":{"line":139,"column":11}},"type":"if","locations":[{"start":{"line":137,"column":10},"end":{"line":139,"column":11}},{"start":{},"end":{}}],"line":137},"10":{"loc":{"start":{"line":137,"column":14},"end":{"line":137,"column":62}},"type":"binary-expr","locations":[{"start":{"line":137,"column":14},"end":{"line":137,"column":17}},{"start":{"line":137,"column":21},"end":{"line":137,"column":62}}],"line":137},"11":{"loc":{"start":{"line":143,"column":10},"end":{"line":145,"column":11}},"type":"if","locations":[{"start":{"line":143,"column":10},"end":{"line":145,"column":11}},{"start":{},"end":{}}],"line":143},"12":{"loc":{"start":{"line":143,"column":14},"end":{"line":143,"column":62}},"type":"binary-expr","locations":[{"start":{"line":143,"column":14},"end":{"line":143,"column":17}},{"start":{"line":143,"column":21},"end":{"line":143,"column":62}}],"line":143},"13":{"loc":{"start":{"line":149,"column":10},"end":{"line":151,"column":11}},"type":"if","locations":[{"start":{"line":149,"column":10},"end":{"line":151,"column":11}},{"start":{},"end":{}}],"line":149},"14":{"loc":{"start":{"line":149,"column":14},"end":{"line":149,"column":62}},"type":"binary-expr","locations":[{"start":{"line":149,"column":14},"end":{"line":149,"column":17}},{"start":{"line":149,"column":21},"end":{"line":149,"column":62}}],"line":149},"15":{"loc":{"start":{"line":155,"column":10},"end":{"line":157,"column":11}},"type":"if","locations":[{"start":{"line":155,"column":10},"end":{"line":157,"column":11}},{"start":{},"end":{}}],"line":155},"16":{"loc":{"start":{"line":155,"column":14},"end":{"line":155,"column":62}},"type":"binary-expr","locations":[{"start":{"line":155,"column":14},"end":{"line":155,"column":17}},{"start":{"line":155,"column":21},"end":{"line":155,"column":62}}],"line":155},"17":{"loc":{"start":{"line":161,"column":10},"end":{"line":163,"column":11}},"type":"if","locations":[{"start":{"line":161,"column":10},"end":{"line":163,"column":11}},{"start":{},"end":{}}],"line":161},"18":{"loc":{"start":{"line":161,"column":14},"end":{"line":161,"column":62}},"type":"binary-expr","locations":[{"start":{"line":161,"column":14},"end":{"line":161,"column":17}},{"start":{"line":161,"column":21},"end":{"line":161,"column":62}}],"line":161},"19":{"loc":{"start":{"line":167,"column":10},"end":{"line":169,"column":11}},"type":"if","locations":[{"start":{"line":167,"column":10},"end":{"line":169,"column":11}},{"start":{},"end":{}}],"line":167},"20":{"loc":{"start":{"line":167,"column":14},"end":{"line":167,"column":62}},"type":"binary-expr","locations":[{"start":{"line":167,"column":14},"end":{"line":167,"column":17}},{"start":{"line":167,"column":21},"end":{"line":167,"column":62}}],"line":167},"21":{"loc":{"start":{"line":176,"column":10},"end":{"line":179,"column":11}},"type":"if","locations":[{"start":{"line":176,"column":10},"end":{"line":179,"column":11}},{"start":{},"end":{}}],"line":176},"22":{"loc":{"start":{"line":181,"column":10},"end":{"line":194,"column":11}},"type":"if","locations":[{"start":{"line":181,"column":10},"end":{"line":194,"column":11}},{"start":{"line":192,"column":17},"end":{"line":194,"column":11}}],"line":181},"23":{"loc":{"start":{"line":185,"column":16},"end":{"line":189,"column":17}},"type":"if","locations":[{"start":{"line":185,"column":16},"end":{"line":189,"column":17}},{"start":{"line":187,"column":23},"end":{"line":189,"column":17}}],"line":185},"24":{"loc":{"start":{"line":220,"column":10},"end":{"line":230,"column":11}},"type":"if","locations":[{"start":{"line":220,"column":10},"end":{"line":230,"column":11}},{"start":{},"end":{}}],"line":220},"25":{"loc":{"start":{"line":220,"column":14},"end":{"line":220,"column":37}},"type":"binary-expr","locations":[{"start":{"line":220,"column":14},"end":{"line":220,"column":18}},{"start":{"line":220,"column":22},"end":{"line":220,"column":37}}],"line":220},"26":{"loc":{"start":{"line":225,"column":18},"end":{"line":225,"column":95}},"type":"if","locations":[{"start":{"line":225,"column":18},"end":{"line":225,"column":95}},{"start":{},"end":{}}],"line":225},"27":{"loc":{"start":{"line":250,"column":10},"end":{"line":260,"column":11}},"type":"if","locations":[{"start":{"line":250,"column":10},"end":{"line":260,"column":11}},{"start":{},"end":{}}],"line":250},"28":{"loc":{"start":{"line":250,"column":14},"end":{"line":250,"column":37}},"type":"binary-expr","locations":[{"start":{"line":250,"column":14},"end":{"line":250,"column":18}},{"start":{"line":250,"column":22},"end":{"line":250,"column":37}}],"line":250},"29":{"loc":{"start":{"line":255,"column":18},"end":{"line":255,"column":103}},"type":"if","locations":[{"start":{"line":255,"column":18},"end":{"line":255,"column":103}},{"start":{},"end":{}}],"line":255}},"s":{"0":0,"1":0,"2":0,"3":0,"4":0,"5":0,"6":0,"7":0,"8":0,"9":0,"10":0,"11":0,"12":0,"13":0,"14":0,"15":0,"16":0,"17":0,"18":0,"19":0,"20":0,"21":0,"22":0,"23":0,"24":0,"25":0,"26":0,"27":0,"28":0,"29":0,"30":0,"31":0,"32":0,"33":0,"34":0,"35":0,"36":0,"37":0,"38":0,"39":0,"40":0,"41":0,"42":0,"43":0,"44":0,"45":0,"46":0,"47":0,"48":0,"49":0,"50":0,"51":0,"52":0,"53":0,"54":0,"55":0,"56":0,"57":0,"58":0,"59":0,"60":0,"61":0,"62":0,"63":0,"64":0,"65":0,"66":0,"67":0,"68":0,"69":0,"70":0,"71":0,"72":0,"73":0,"74":0,"75":0,"76":0,"77":0,"78":0,"79":0},"f":{"0":0,"1":0,"2":0,"3":0,"4":0,"5":0,"6":0,"7":0,"8":0,"9":0,"10":0,"11":0,"12":0,"13":0,"14":0,"15":0,"16":0,"17":0,"18":0,"19":0,"20":0,"21":0},"b":{"0":[0,0],"1":[0,0],"2":[0,0],"3":[0,0],"4":[0,0],"5":[0,0],"6":[0,0],"7":[0,0],"8":[0,0],"9":[0,0],"10":[0,0],"11":[0,0],"12":[0,0],"13":[0,0],"14":[0,0],"15":[0,0],"16":[0,0],"17":[0,0],"18":[0,0],"19":[0,0],"20":[0,0],"21":[0,0],"22":[0,0],"23":[0,0],"24":[0,0],"25":[0,0],"26":[0,0],"27":[0,0],"28":[0,0],"29":[0,0]}}
,"/Users/edgarkoenig/workspace/mcp-chat/backend/src/logger.js": {"path":"/Users/edgarkoenig/workspace/mcp-chat/backend/src/logger.js","statementMap":{"0":{"start":{"line":5,"column":19},"end":{"line":5,"column":49}},"1":{"start":{"line":6,"column":18},"end":{"line":6,"column":42}},"2":{"start":{"line":9,"column":16},"end":{"line":9,"column":50}},"3":{"start":{"line":10,"column":0},"end":{"line":12,"column":1}},"4":{"start":{"line":11,"column":2},"end":{"line":11,"column":45}},"5":{"start":{"line":15,"column":19},"end":{"line":20,"column":1}},"6":{"start":{"line":22,"column":24},"end":{"line":22,"column":76}},"7":{"start":{"line":26,"column":4},"end":{"line":26,"column":91}},"8":{"start":{"line":30,"column":22},"end":{"line":30,"column":46}},"9":{"start":{"line":31,"column":20},"end":{"line":31,"column":84}},"10":{"start":{"line":32,"column":4},"end":{"line":32,"column":60}},"11":{"start":{"line":36,"column":23},"end":{"line":36,"column":63}},"12":{"start":{"line":39,"column":4},"end":{"line":39,"column":28}},"13":{"start":{"line":42,"column":4},"end":{"line":46,"column":5}},"14":{"start":{"line":43,"column":6},"end":{"line":43,"column":57}},"15":{"start":{"line":45,"column":6},"end":{"line":45,"column":66}},"16":{"start":{"line":50,"column":4},"end":{"line":52,"column":5}},"17":{"start":{"line":51,"column":6},"end":{"line":51,"column":44}},"18":{"start":{"line":56,"column":4},"end":{"line":58,"column":5}},"19":{"start":{"line":57,"column":6},"end":{"line":57,"column":43}},"20":{"start":{"line":62,"column":4},"end":{"line":64,"column":5}},"21":{"start":{"line":63,"column":6},"end":{"line":63,"column":43}},"22":{"start":{"line":68,"column":4},"end":{"line":70,"column":5}},"23":{"start":{"line":69,"column":6},"end":{"line":69,"column":44}},"24":{"start":{"line":75,"column":20},"end":{"line":83,"column":5}},"25":{"start":{"line":85,"column":18},"end":{"line":85,"column":57}},"26":{"start":{"line":86,"column":4},"end":{"line":86,"column":67}},"27":{"start":{"line":91,"column":20},"end":{"line":97,"column":5}},"28":{"start":{"line":99,"column":18},"end":{"line":99,"column":43}},"29":{"start":{"line":100,"column":4},"end":{"line":100,"column":51}},"30":{"start":{"line":105,"column":20},"end":{"line":110,"column":5}},"31":{"start":{"line":112,"column":18},"end":{"line":112,"column":45}},"32":{"start":{"line":113,"column":4},"end":{"line":113,"column":53}},"33":{"start":{"line":118,"column":4},"end":{"line":136,"column":5}},"34":{"start":{"line":119,"column":20},"end":{"line":119,"column":43}},"35":{"start":{"line":120,"column":25},"end":{"line":120,"column":35}},"36":{"start":{"line":121,"column":6},"end":{"line":121,"column":60}},"37":{"start":{"line":123,"column":6},"end":{"line":133,"column":9}},"38":{"start":{"line":124,"column":8},"end":{"line":132,"column":9}},"39":{"start":{"line":125,"column":27},"end":{"line":125,"column":51}},"40":{"start":{"line":126,"column":24},"end":{"line":126,"column":45}},"41":{"start":{"line":128,"column":10},"end":{"line":131,"column":11}},"42":{"start":{"line":129,"column":12},"end":{"line":129,"column":36}},"43":{"start":{"line":130,"column":12},"end":{"line":130,"column":52}},"44":{"start":{"line":135,"column":6},"end":{"line":135,"column":71}},"45":{"start":{"line":140,"column":15},"end":{"line":140,"column":27}},"46":{"start":{"line":143,"column":12},"end":{"line":143,"column":22}},"47":{"start":{"line":144,"column":17},"end":{"line":144,"column":30}},"48":{"start":{"line":145,"column":0},"end":{"line":145,"column":41}},"49":{"start":{"line":146,"column":0},"end":{"line":146,"column":30}},"50":{"start":{"line":148,"column":24},"end":{"line":148,"column":58}},"51":{"start":{"line":149,"column":0},"end":{"line":153,"column":20}},"52":{"start":{"line":150,"column":2},"end":{"line":150,"column":26}},"53":{"start":{"line":152,"column":2},"end":{"line":152,"column":66}},"54":{"start":{"line":152,"column":20},"end":{"line":152,"column":43}}},"fnMap":{"0":{"name":"(anonymous_0)","decl":{"start":{"line":25,"column":2},"end":{"line":25,"column":3}},"loc":{"start":{"line":25,"column":16},"end":{"line":27,"column":3}},"line":25},"1":{"name":"(anonymous_1)","decl":{"start":{"line":29,"column":2},"end":{"line":29,"column":3}},"loc":{"start":{"line":29,"column":43},"end":{"line":33,"column":3}},"line":29},"2":{"name":"(anonymous_2)","decl":{"start":{"line":35,"column":2},"end":{"line":35,"column":3}},"loc":{"start":{"line":35,"column":38},"end":{"line":47,"column":3}},"line":35},"3":{"name":"(anonymous_3)","decl":{"start":{"line":49,"column":2},"end":{"line":49,"column":3}},"loc":{"start":{"line":49,"column":28},"end":{"line":53,"column":3}},"line":49},"4":{"name":"(anonymous_4)","decl":{"start":{"line":55,"column":2},"end":{"line":55,"column":3}},"loc":{"start":{"line":55,"column":27},"end":{"line":59,"column":3}},"line":55},"5":{"name":"(anonymous_5)","decl":{"start":{"line":61,"column":2},"end":{"line":61,"column":3}},"loc":{"start":{"line":61,"column":27},"end":{"line":65,"column":3}},"line":61},"6":{"name":"(anonymous_6)","decl":{"start":{"line":67,"column":2},"end":{"line":67,"column":3}},"loc":{"start":{"line":67,"column":28},"end":{"line":71,"column":3}},"line":67},"7":{"name":"(anonymous_7)","decl":{"start":{"line":74,"column":2},"end":{"line":74,"column":3}},"loc":{"start":{"line":74,"column":33},"end":{"line":87,"column":3}},"line":74},"8":{"name":"(anonymous_8)","decl":{"start":{"line":90,"column":2},"end":{"line":90,"column":3}},"loc":{"start":{"line":90,"column":66},"end":{"line":101,"column":3}},"line":90},"9":{"name":"(anonymous_9)","decl":{"start":{"line":104,"column":2},"end":{"line":104,"column":3}},"loc":{"start":{"line":104,"column":67},"end":{"line":114,"column":3}},"line":104},"10":{"name":"(anonymous_10)","decl":{"start":{"line":117,"column":2},"end":{"line":117,"column":3}},"loc":{"start":{"line":117,"column":34},"end":{"line":137,"column":3}},"line":117},"11":{"name":"(anonymous_11)","decl":{"start":{"line":123,"column":20},"end":{"line":123,"column":21}},"loc":{"start":{"line":123,"column":28},"end":{"line":133,"column":7}},"line":123},"12":{"name":"(anonymous_12)","decl":{"start":{"line":149,"column":11},"end":{"line":149,"column":12}},"loc":{"start":{"line":149,"column":17},"end":{"line":153,"column":1}},"line":149},"13":{"name":"(anonymous_13)","decl":{"start":{"line":152,"column":14},"end":{"line":152,"column":15}},"loc":{"start":{"line":152,"column":20},"end":{"line":152,"column":43}},"line":152}},"branchMap":{"0":{"loc":{"start":{"line":10,"column":0},"end":{"line":12,"column":1}},"type":"if","locations":[{"start":{"line":10,"column":0},"end":{"line":12,"column":1}},{"start":{},"end":{}}],"line":10},"1":{"loc":{"start":{"line":22,"column":24},"end":{"line":22,"column":76}},"type":"binary-expr","locations":[{"start":{"line":22,"column":24},"end":{"line":22,"column":57}},{"start":{"line":22,"column":61},"end":{"line":22,"column":76}}],"line":22},"2":{"loc":{"start":{"line":29,"column":32},"end":{"line":29,"column":41}},"type":"default-arg","locations":[{"start":{"line":29,"column":39},"end":{"line":29,"column":41}}],"line":29},"3":{"loc":{"start":{"line":31,"column":20},"end":{"line":31,"column":84}},"type":"cond-expr","locations":[{"start":{"line":31,"column":51},"end":{"line":31,"column":79}},{"start":{"line":31,"column":82},"end":{"line":31,"column":84}}],"line":31},"4":{"loc":{"start":{"line":35,"column":27},"end":{"line":35,"column":36}},"type":"default-arg","locations":[{"start":{"line":35,"column":34},"end":{"line":35,"column":36}}],"line":35},"5":{"loc":{"start":{"line":49,"column":17},"end":{"line":49,"column":26}},"type":"default-arg","locations":[{"start":{"line":49,"column":24},"end":{"line":49,"column":26}}],"line":49},"6":{"loc":{"start":{"line":50,"column":4},"end":{"line":52,"column":5}},"type":"if","locations":[{"start":{"line":50,"column":4},"end":{"line":52,"column":5}},{"start":{},"end":{}}],"line":50},"7":{"loc":{"start":{"line":55,"column":16},"end":{"line":55,"column":25}},"type":"default-arg","locations":[{"start":{"line":55,"column":23},"end":{"line":55,"column":25}}],"line":55},"8":{"loc":{"start":{"line":56,"column":4},"end":{"line":58,"column":5}},"type":"if","locations":[{"start":{"line":56,"column":4},"end":{"line":58,"column":5}},{"start":{},"end":{}}],"line":56},"9":{"loc":{"start":{"line":61,"column":16},"end":{"line":61,"column":25}},"type":"default-arg","locations":[{"start":{"line":61,"column":23},"end":{"line":61,"column":25}}],"line":61},"10":{"loc":{"start":{"line":62,"column":4},"end":{"line":64,"column":5}},"type":"if","locations":[{"start":{"line":62,"column":4},"end":{"line":64,"column":5}},{"start":{},"end":{}}],"line":62},"11":{"loc":{"start":{"line":67,"column":17},"end":{"line":67,"column":26}},"type":"default-arg","locations":[{"start":{"line":67,"column":24},"end":{"line":67,"column":26}}],"line":67},"12":{"loc":{"start":{"line":68,"column":4},"end":{"line":70,"column":5}},"type":"if","locations":[{"start":{"line":68,"column":4},"end":{"line":70,"column":5}},{"start":{},"end":{}}],"line":68},"13":{"loc":{"start":{"line":78,"column":10},"end":{"line":78,"column":48}},"type":"binary-expr","locations":[{"start":{"line":78,"column":10},"end":{"line":78,"column":16}},{"start":{"line":78,"column":20},"end":{"line":78,"column":48}}],"line":78},"14":{"loc":{"start":{"line":82,"column":12},"end":{"line":82,"column":54}},"type":"cond-expr","locations":[{"start":{"line":82,"column":23},"end":{"line":82,"column":40}},{"start":{"line":82,"column":43},"end":{"line":82,"column":54}}],"line":82},"15":{"loc":{"start":{"line":85,"column":18},"end":{"line":85,"column":57}},"type":"cond-expr","locations":[{"start":{"line":85,"column":42},"end":{"line":85,"column":48}},{"start":{"line":85,"column":51},"end":{"line":85,"column":57}}],"line":85},"16":{"loc":{"start":{"line":90,"column":36},"end":{"line":90,"column":50}},"type":"default-arg","locations":[{"start":{"line":90,"column":46},"end":{"line":90,"column":50}}],"line":90},"17":{"loc":{"start":{"line":90,"column":52},"end":{"line":90,"column":64}},"type":"default-arg","locations":[{"start":{"line":90,"column":62},"end":{"line":90,"column":64}}],"line":90},"18":{"loc":{"start":{"line":99,"column":18},"end":{"line":99,"column":43}},"type":"cond-expr","locations":[{"start":{"line":99,"column":28},"end":{"line":99,"column":34}},{"start":{"line":99,"column":37},"end":{"line":99,"column":43}}],"line":99},"19":{"loc":{"start":{"line":104,"column":37},"end":{"line":104,"column":51}},"type":"default-arg","locations":[{"start":{"line":104,"column":47},"end":{"line":104,"column":51}}],"line":104},"20":{"loc":{"start":{"line":104,"column":53},"end":{"line":104,"column":65}},"type":"default-arg","locations":[{"start":{"line":104,"column":63},"end":{"line":104,"column":65}}],"line":104},"21":{"loc":{"start":{"line":112,"column":18},"end":{"line":112,"column":45}},"type":"cond-expr","locations":[{"start":{"line":112,"column":28},"end":{"line":112,"column":35}},{"start":{"line":112,"column":38},"end":{"line":112,"column":45}}],"line":112},"22":{"loc":{"start":{"line":117,"column":17},"end":{"line":117,"column":32}},"type":"default-arg","locations":[{"start":{"line":117,"column":30},"end":{"line":117,"column":32}}],"line":117},"23":{"loc":{"start":{"line":124,"column":8},"end":{"line":132,"column":9}},"type":"if","locations":[{"start":{"line":124,"column":8},"end":{"line":132,"column":9}},{"start":{},"end":{}}],"line":124},"24":{"loc":{"start":{"line":124,"column":12},"end":{"line":124,"column":60}},"type":"binary-expr","locations":[{"start":{"line":124,"column":12},"end":{"line":124,"column":35}},{"start":{"line":124,"column":39},"end":{"line":124,"column":60}}],"line":124},"25":{"loc":{"start":{"line":128,"column":10},"end":{"line":131,"column":11}},"type":"if","locations":[{"start":{"line":128,"column":10},"end":{"line":131,"column":11}},{"start":{},"end":{}}],"line":128}},"s":{"0":0,"1":0,"2":0,"3":0,"4":0,"5":0,"6":0,"7":0,"8":0,"9":0,"10":0,"11":0,"12":0,"13":0,"14":0,"15":0,"16":0,"17":0,"18":0,"19":0,"20":0,"21":0,"22":0,"23":0,"24":0,"25":0,"26":0,"27":0,"28":0,"29":0,"30":0,"31":0,"32":0,"33":0,"34":0,"35":0,"36":0,"37":0,"38":0,"39":0,"40":0,"41":0,"42":0,"43":0,"44":0,"45":0,"46":0,"47":0,"48":0,"49":0,"50":0,"51":0,"52":0,"53":0,"54":0},"f":{"0":0,"1":0,"2":0,"3":0,"4":0,"5":0,"6":0,"7":0,"8":0,"9":0,"10":0,"11":0,"12":0,"13":0},"b":{"0":[0,0],"1":[0,0],"2":[0],"3":[0,0],"4":[0],"5":[0],"6":[0,0],"7":[0],"8":[0,0],"9":[0],"10":[0,0],"11":[0],"12":[0,0],"13":[0,0],"14":[0,0],"15":[0,0],"16":[0],"17":[0],"18":[0,0],"19":[0],"20":[0],"21":[0,0],"22":[0],"23":[0,0],"24":[0,0],"25":[0,0]}}
,"/Users/edgarkoenig/workspace/mcp-chat/backend/src/protocols.js": {"path":"/Users/edgarkoenig/workspace/mcp-chat/backend/src/protocols.js","statementMap":{"0":{"start":{"line":5,"column":4},"end":{"line":5,"column":25}},"1":{"start":{"line":8,"column":4},"end":{"line":8,"column":39}},"2":{"start":{"line":16,"column":4},"end":{"line":16,"column":56}},"3":{"start":{"line":24,"column":4},"end":{"line":24,"column":64}},"4":{"start":{"line":32,"column":4},"end":{"line":32,"column":58}}},"fnMap":{"0":{"name":"(anonymous_0)","decl":{"start":{"line":4,"column":2},"end":{"line":4,"column":3}},"loc":{"start":{"line":4,"column":22},"end":{"line":6,"column":3}},"line":4},"1":{"name":"(anonymous_1)","decl":{"start":{"line":7,"column":2},"end":{"line":7,"column":3}},"loc":{"start":{"line":7,"column":27},"end":{"line":9,"column":3}},"line":7},"2":{"name":"(anonymous_2)","decl":{"start":{"line":13,"column":2},"end":{"line":13,"column":3}},"loc":{"start":{"line":13,"column":27},"end":{"line":17,"column":3}},"line":13},"3":{"name":"(anonymous_3)","decl":{"start":{"line":21,"column":2},"end":{"line":21,"column":3}},"loc":{"start":{"line":21,"column":27},"end":{"line":25,"column":3}},"line":21},"4":{"name":"(anonymous_4)","decl":{"start":{"line":29,"column":2},"end":{"line":29,"column":3}},"loc":{"start":{"line":29,"column":27},"end":{"line":33,"column":3}},"line":29}},"branchMap":{},"s":{"0":0,"1":0,"2":0,"3":0,"4":0},"f":{"0":0,"1":0,"2":0,"3":0,"4":0},"b":{}}
}
